running egg_info
writing ../../build/cube_detection/cube_detection.egg-info/PKG-INFO
writing dependency_links to ../../build/cube_detection/cube_detection.egg-info/dependency_links.txt
writing entry points to ../../build/cube_detection/cube_detection.egg-info/entry_points.txt
writing requirements to ../../build/cube_detection/cube_detection.egg-info/requires.txt
writing top-level names to ../../build/cube_detection/cube_detection.egg-info/top_level.txt
reading manifest file '../../build/cube_detection/cube_detection.egg-info/SOURCES.txt'
writing manifest file '../../build/cube_detection/cube_detection.egg-info/SOURCES.txt'
running build
running build_py
copying cube_detection/cube_detector_standard_node.py -> /home/cardaroy/my_new_ws/build/cube_detection/build/lib/cube_detection
copying cube_detection/cube_detector_simple_node.py -> /home/cardaroy/my_new_ws/build/cube_detection/build/lib/cube_detection
running install
running install_lib
copying /home/cardaroy/my_new_ws/build/cube_detection/build/lib/cube_detection/cube_detector_standard_node.py -> /home/cardaroy/my_new_ws/install/cube_detection/lib/python3.10/site-packages/cube_detection
copying /home/cardaroy/my_new_ws/build/cube_detection/build/lib/cube_detection/cube_detector_simple_node.py -> /home/cardaroy/my_new_ws/install/cube_detection/lib/python3.10/site-packages/cube_detection
byte-compiling /home/cardaroy/my_new_ws/install/cube_detection/lib/python3.10/site-packages/cube_detection/cube_detector_standard_node.py to cube_detector_standard_node.cpython-310.pyc
byte-compiling /home/cardaroy/my_new_ws/install/cube_detection/lib/python3.10/site-packages/cube_detection/cube_detector_simple_node.py to cube_detector_simple_node.cpython-310.pyc
running install_data
running install_egg_info
removing '/home/cardaroy/my_new_ws/install/cube_detection/lib/python3.10/site-packages/cube_detection-0.0.1-py3.10.egg-info' (and everything under it)
Copying ../../build/cube_detection/cube_detection.egg-info to /home/cardaroy/my_new_ws/install/cube_detection/lib/python3.10/site-packages/cube_detection-0.0.1-py3.10.egg-info
running install_scripts
Installing cube_detector_simple_node script to /home/cardaroy/my_new_ws/install/cube_detection/lib/cube_detection
Installing cube_detector_standard_node script to /home/cardaroy/my_new_ws/install/cube_detection/lib/cube_detection
Installing cube_map_marker_node script to /home/cardaroy/my_new_ws/install/cube_detection/lib/cube_detection
writing list of installed files to '/home/cardaroy/my_new_ws/build/cube_detection/install.log'
