running egg_info
creating ../../build/cube_detection/cube_detection.egg-info
writing ../../build/cube_detection/cube_detection.egg-info/PKG-INFO
writing dependency_links to ../../build/cube_detection/cube_detection.egg-info/dependency_links.txt
writing entry points to ../../build/cube_detection/cube_detection.egg-info/entry_points.txt
writing requirements to ../../build/cube_detection/cube_detection.egg-info/requires.txt
writing top-level names to ../../build/cube_detection/cube_detection.egg-info/top_level.txt
writing manifest file '../../build/cube_detection/cube_detection.egg-info/SOURCES.txt'
reading manifest file '../../build/cube_detection/cube_detection.egg-info/SOURCES.txt'
writing manifest file '../../build/cube_detection/cube_detection.egg-info/SOURCES.txt'
running build
running build_py
creating /home/cardaroy/my_new_ws/build/cube_detection/build
creating /home/cardaroy/my_new_ws/build/cube_detection/build/lib
creating /home/cardaroy/my_new_ws/build/cube_detection/build/lib/cube_detection
copying cube_detection/cube_detector_standard_node.py -> /home/cardaroy/my_new_ws/build/cube_detection/build/lib/cube_detection
copying cube_detection/__init__.py -> /home/cardaroy/my_new_ws/build/cube_detection/build/lib/cube_detection
copying cube_detection/cube_detector_simple_node.py -> /home/cardaroy/my_new_ws/build/cube_detection/build/lib/cube_detection
running install
running install_lib
creating /home/cardaroy/my_new_ws/install/cube_detection/lib/python3.10/site-packages/cube_detection
copying /home/cardaroy/my_new_ws/build/cube_detection/build/lib/cube_detection/cube_detector_standard_node.py -> /home/cardaroy/my_new_ws/install/cube_detection/lib/python3.10/site-packages/cube_detection
copying /home/cardaroy/my_new_ws/build/cube_detection/build/lib/cube_detection/__init__.py -> /home/cardaroy/my_new_ws/install/cube_detection/lib/python3.10/site-packages/cube_detection
copying /home/cardaroy/my_new_ws/build/cube_detection/build/lib/cube_detection/cube_detector_simple_node.py -> /home/cardaroy/my_new_ws/install/cube_detection/lib/python3.10/site-packages/cube_detection
byte-compiling /home/cardaroy/my_new_ws/install/cube_detection/lib/python3.10/site-packages/cube_detection/cube_detector_standard_node.py to cube_detector_standard_node.cpython-310.pyc
byte-compiling /home/cardaroy/my_new_ws/install/cube_detection/lib/python3.10/site-packages/cube_detection/__init__.py to __init__.cpython-310.pyc
byte-compiling /home/cardaroy/my_new_ws/install/cube_detection/lib/python3.10/site-packages/cube_detection/cube_detector_simple_node.py to cube_detector_simple_node.cpython-310.pyc
running install_data
creating /home/cardaroy/my_new_ws/install/cube_detection/share/ament_index
creating /home/cardaroy/my_new_ws/install/cube_detection/share/ament_index/resource_index
creating /home/cardaroy/my_new_ws/install/cube_detection/share/ament_index/resource_index/packages
copying resource/cube_detection -> /home/cardaroy/my_new_ws/install/cube_detection/share/ament_index/resource_index/packages
copying package.xml -> /home/cardaroy/my_new_ws/install/cube_detection/share/cube_detection
creating /home/cardaroy/my_new_ws/install/cube_detection/share/cube_detection/launch
copying launch/cube_detection.launch.py -> /home/cardaroy/my_new_ws/install/cube_detection/share/cube_detection/launch
running install_egg_info
Copying ../../build/cube_detection/cube_detection.egg-info to /home/cardaroy/my_new_ws/install/cube_detection/lib/python3.10/site-packages/cube_detection-0.0.1-py3.10.egg-info
running install_scripts
Installing cube_detector_simple_node script to /home/cardaroy/my_new_ws/install/cube_detection/lib/cube_detection
Installing cube_detector_standard_node script to /home/cardaroy/my_new_ws/install/cube_detection/lib/cube_detection
writing list of installed files to '/home/cardaroy/my_new_ws/build/cube_detection/install.log'
