[0.493s] Invoking command in '/home/cardaroy/my_new_ws/src/cube_detection': PYTHONPATH=/home/cardaroy/my_new_ws/build/cube_detection/prefix_override:/usr/lib/python3/dist-packages/colcon_core/task/python/colcon_distutils_commands:/home/cardaroy/my_new_ws/install/cube_detection/lib/python3.10/site-packages:${PYTHONPATH} /usr/bin/python3 -W ignore:setup.py install is deprecated -W ignore:easy_install command is deprecated setup.py egg_info --egg-base ../../build/cube_detection build --build-base /home/cardaroy/my_new_ws/build/cube_detection/build install --record /home/cardaroy/my_new_ws/build/cube_detection/install.log --single-version-externally-managed install_data
[0.614s] running egg_info
[0.615s] creating ../../build/cube_detection/cube_detection.egg-info
[0.615s] writing ../../build/cube_detection/cube_detection.egg-info/PKG-INFO
[0.616s] writing dependency_links to ../../build/cube_detection/cube_detection.egg-info/dependency_links.txt
[0.616s] writing entry points to ../../build/cube_detection/cube_detection.egg-info/entry_points.txt
[0.616s] writing requirements to ../../build/cube_detection/cube_detection.egg-info/requires.txt
[0.616s] writing top-level names to ../../build/cube_detection/cube_detection.egg-info/top_level.txt
[0.616s] writing manifest file '../../build/cube_detection/cube_detection.egg-info/SOURCES.txt'
[0.617s] reading manifest file '../../build/cube_detection/cube_detection.egg-info/SOURCES.txt'
[0.618s] writing manifest file '../../build/cube_detection/cube_detection.egg-info/SOURCES.txt'
[0.618s] running build
[0.618s] running build_py
[0.618s] creating /home/cardaroy/my_new_ws/build/cube_detection/build
[0.618s] creating /home/cardaroy/my_new_ws/build/cube_detection/build/lib
[0.618s] creating /home/cardaroy/my_new_ws/build/cube_detection/build/lib/cube_detection
[0.619s] copying cube_detection/cube_detector_standard_node.py -> /home/cardaroy/my_new_ws/build/cube_detection/build/lib/cube_detection
[0.619s] copying cube_detection/__init__.py -> /home/cardaroy/my_new_ws/build/cube_detection/build/lib/cube_detection
[0.619s] copying cube_detection/cube_detector_simple_node.py -> /home/cardaroy/my_new_ws/build/cube_detection/build/lib/cube_detection
[0.619s] running install
[0.619s] running install_lib
[0.620s] creating /home/cardaroy/my_new_ws/install/cube_detection/lib/python3.10/site-packages/cube_detection
[0.620s] copying /home/cardaroy/my_new_ws/build/cube_detection/build/lib/cube_detection/cube_detector_standard_node.py -> /home/cardaroy/my_new_ws/install/cube_detection/lib/python3.10/site-packages/cube_detection
[0.620s] copying /home/cardaroy/my_new_ws/build/cube_detection/build/lib/cube_detection/__init__.py -> /home/cardaroy/my_new_ws/install/cube_detection/lib/python3.10/site-packages/cube_detection
[0.620s] copying /home/cardaroy/my_new_ws/build/cube_detection/build/lib/cube_detection/cube_detector_simple_node.py -> /home/cardaroy/my_new_ws/install/cube_detection/lib/python3.10/site-packages/cube_detection
[0.620s] byte-compiling /home/cardaroy/my_new_ws/install/cube_detection/lib/python3.10/site-packages/cube_detection/cube_detector_standard_node.py to cube_detector_standard_node.cpython-310.pyc
[0.622s] byte-compiling /home/cardaroy/my_new_ws/install/cube_detection/lib/python3.10/site-packages/cube_detection/__init__.py to __init__.cpython-310.pyc
[0.622s] byte-compiling /home/cardaroy/my_new_ws/install/cube_detection/lib/python3.10/site-packages/cube_detection/cube_detector_simple_node.py to cube_detector_simple_node.cpython-310.pyc
[0.623s] running install_data
[0.623s] creating /home/cardaroy/my_new_ws/install/cube_detection/share/ament_index
[0.623s] creating /home/cardaroy/my_new_ws/install/cube_detection/share/ament_index/resource_index
[0.623s] creating /home/cardaroy/my_new_ws/install/cube_detection/share/ament_index/resource_index/packages
[0.623s] copying resource/cube_detection -> /home/cardaroy/my_new_ws/install/cube_detection/share/ament_index/resource_index/packages
[0.623s] copying package.xml -> /home/cardaroy/my_new_ws/install/cube_detection/share/cube_detection
[0.623s] creating /home/cardaroy/my_new_ws/install/cube_detection/share/cube_detection/launch
[0.623s] copying launch/cube_detection.launch.py -> /home/cardaroy/my_new_ws/install/cube_detection/share/cube_detection/launch
[0.623s] running install_egg_info
[0.625s] Copying ../../build/cube_detection/cube_detection.egg-info to /home/cardaroy/my_new_ws/install/cube_detection/lib/python3.10/site-packages/cube_detection-0.0.1-py3.10.egg-info
[0.625s] running install_scripts
[0.637s] Installing cube_detector_simple_node script to /home/cardaroy/my_new_ws/install/cube_detection/lib/cube_detection
[0.637s] Installing cube_detector_standard_node script to /home/cardaroy/my_new_ws/install/cube_detection/lib/cube_detection
[0.637s] writing list of installed files to '/home/cardaroy/my_new_ws/build/cube_detection/install.log'
[0.651s] Invoked command in '/home/cardaroy/my_new_ws/src/cube_detection' returned '0': PYTHONPATH=/home/cardaroy/my_new_ws/build/cube_detection/prefix_override:/usr/lib/python3/dist-packages/colcon_core/task/python/colcon_distutils_commands:/home/cardaroy/my_new_ws/install/cube_detection/lib/python3.10/site-packages:${PYTHONPATH} /usr/bin/python3 -W ignore:setup.py install is deprecated -W ignore:easy_install command is deprecated setup.py egg_info --egg-base ../../build/cube_detection build --build-base /home/cardaroy/my_new_ws/build/cube_detection/build install --record /home/cardaroy/my_new_ws/build/cube_detection/install.log --single-version-externally-managed install_data
